<?xml version="1.0" encoding="UTF-8"?>
<testng-results skipped="0" failed="0" total="2" passed="2">
  <reporter-output>
  </reporter-output>
  <suite name="Suite" duration-ms="32" started-at="2019-04-16T07:51:45Z" finished-at="2019-04-16T07:51:45Z">
    <groups>
    </groups>
    <test name="Test" duration-ms="32" started-at="2019-04-16T07:51:45Z" finished-at="2019-04-16T07:51:45Z">
      <class name="TestNG.NewTest">
        <test-method status="PASS" signature="f(java.lang.String, java.lang.String, java.lang.String, java.lang.String, int, int, int, int, int, double)[pri:0, instance:TestNG.NewTest@1ae369b7]" name="f" duration-ms="15" started-at="2019-04-16T15:51:45Z" data-provider="test1" finished-at="2019-04-16T15:51:45Z">
          <params>
            <param index="0">
              <value>
                <![CDATA[儿童]]>
              </value>
            </param>
            <param index="1">
              <value>
                <![CDATA[头等舱]]>
              </value>
            </param>
            <param index="2">
              <value>
                <![CDATA[中国]]>
              </value>
            </param>
            <param index="3">
              <value>
                <![CDATA[中国]]>
              </value>
            </param>
            <param index="4">
              <value>
                <![CDATA[39]]>
              </value>
            </param>
            <param index="5">
              <value>
                <![CDATA[50]]>
              </value>
            </param>
            <param index="6">
              <value>
                <![CDATA[50]]>
              </value>
            </param>
            <param index="7">
              <value>
                <![CDATA[57]]>
              </value>
            </param>
            <param index="8">
              <value>
                <![CDATA[500]]>
              </value>
            </param>
            <param index="9">
              <value>
                <![CDATA[0.0]]>
              </value>
            </param>
          </params>
          <reporter-output>
          </reporter-output>
        </test-method> <!-- f -->
        <test-method status="PASS" signature="f(java.lang.String, java.lang.String, java.lang.String, java.lang.String, int, int, int, int, int, double)[pri:0, instance:TestNG.NewTest@1ae369b7]" name="f" duration-ms="1" started-at="2019-04-16T15:51:45Z" data-provider="test1" finished-at="2019-04-16T15:51:45Z">
          <params>
            <param index="0">
              <value>
                <![CDATA[儿童]]>
              </value>
            </param>
            <param index="1">
              <value>
                <![CDATA[头等舱]]>
              </value>
            </param>
            <param index="2">
              <value>
                <![CDATA[中国]]>
              </value>
            </param>
            <param index="3">
              <value>
                <![CDATA[中国]]>
              </value>
            </param>
            <param index="4">
              <value>
                <![CDATA[39]]>
              </value>
            </param>
            <param index="5">
              <value>
                <![CDATA[50]]>
              </value>
            </param>
            <param index="6">
              <value>
                <![CDATA[50]]>
              </value>
            </param>
            <param index="7">
              <value>
                <![CDATA[57]]>
              </value>
            </param>
            <param index="8">
              <value>
                <![CDATA[500]]>
              </value>
            </param>
            <param index="9">
              <value>
                <![CDATA[0.0]]>
              </value>
            </param>
          </params>
          <reporter-output>
          </reporter-output>
        </test-method> <!-- f -->
      </class> <!-- TestNG.NewTest -->
    </test> <!-- Test -->
  </suite> <!-- Suite -->
</testng-results>
